# JRE version: OpenJDK Runtime Environment (17.0.10) (build 17.0.10+0--11572160)
# Java VM: OpenJDK 64-Bit Server VM (17.0.10+0--11572160, mixed mode, tiered, compressed oops, compressed class ptrs, g1 gc, windows-amd64)
GC Precious Log:
 CPUs: 4 total, 4 available
 Memory: 11212M
 Large Page Support: Disabled
 NUMA Support: Disabled
 Compressed Oops: Enabled (32-bit)
 Heap Region Size: 1M
 Heap Min Capacity: 8M
 Heap Initial Capacity: 176M
 Heap Max Capacity: 2G
 Pre-touch: Disabled
 Parallel Workers: 4
 Concurrent Workers: 1
 Concurrent Refinement Workers: 4
 Periodic GC: Disabled
Heap:
 garbage-first heap   total 501760K, used 416552K [0x0000000080000000, 0x0000000100000000)
  region size 1024K, 168 young (172032K), 11 survivors (11264K)
 Metaspace       used 111694K, committed 112384K, reserved 1179648K
  class space    used 15416K, committed 15744K, reserved 1048576K
GC Heap History (20 events):
Event: 79.013 GC heap before
{Heap before GC invocations=128 (full 0):
 garbage-first heap   total 435200K, used 371415K [0x0000000080000000, 0x0000000100000000)
  region size 1024K, 138 young (141312K), 14 survivors (14336K)
 Metaspace       used 111579K, committed 112256K, reserved 1179648K
  class space    used 15404K, committed 15744K, reserved 1048576K
}
Event: 79.032 GC heap after
{Heap after GC invocations=129 (full 0):
 garbage-first heap   total 435200K, used 247442K [0x0000000080000000, 0x0000000100000000)
  region size 1024K, 9 young (9216K), 9 survivors (9216K)
 Metaspace       used 111579K, committed 112256K, reserved 1179648K
  class space    used 15404K, committed 15744K, reserved 1048576K
}
Event: 79.522 GC heap before
{Heap before GC invocations=129 (full 0):
 garbage-first heap   total 435200K, used 374418K [0x0000000080000000, 0x0000000100000000)
  region size 1024K, 133 young (136192K), 9 survivors (9216K)
 Metaspace       used 111585K, committed 112256K, reserved 1179648K
  class space    used 15404K, committed 15744K, reserved 1048576K
}
Event: 79.533 GC heap after
{Heap after GC invocations=130 (full 0):
 garbage-first heap   total 501760K, used 248406K [0x0000000080000000, 0x0000000100000000)
  region size 1024K, 10 young (10240K), 10 survivors (10240K)
 Metaspace       used 111585K, committed 112256K, reserved 1179648K
  class space    used 15404K, committed 15744K, reserved 1048576K
}
Event: 80.620 GC heap before
{Heap before GC invocations=130 (full 0):
 garbage-first heap   total 501760K, used 432726K [0x0000000080000000, 0x0000000100000000)
  region size 1024K, 190 young (194560K), 10 survivors (10240K)
 Metaspace       used 111589K, committed 112256K, reserved 1179648K
  class space    used 15404K, committed 15744K, reserved 1048576K
}
Event: 80.633 GC heap after
{Heap after GC invocations=131 (full 0):
 garbage-first heap   total 501760K, used 249383K [0x0000000080000000, 0x0000000100000000)
  region size 1024K, 11 young (11264K), 11 survivors (11264K)
 Metaspace       used 111589K, committed 112256K, reserved 1179648K
  class space    used 15404K, committed 15744K, reserved 1048576K
}
Event: 82.120 GC heap before
{Heap before GC invocations=131 (full 0):
 garbage-first heap   total 501760K, used 435751K [0x0000000080000000, 0x0000000100000000)
  region size 1024K, 193 young (197632K), 11 survivors (11264K)
 Metaspace       used 111594K, committed 112320K, reserved 1179648K
  class space    used 15404K, committed 15744K, reserved 1048576K
}
Event: 82.137 GC heap after
{Heap after GC invocations=132 (full 0):
 garbage-first heap   total 501760K, used 251019K [0x0000000080000000, 0x0000000100000000)
  region size 1024K, 13 young (13312K), 13 survivors (13312K)
 Metaspace       used 111594K, committed 112320K, reserved 1179648K
  class space    used 15404K, committed 15744K, reserved 1048576K
}
Event: 82.895 GC heap before
{Heap before GC invocations=132 (full 0):
 garbage-first heap   total 501760K, used 436363K [0x0000000080000000, 0x0000000100000000)
  region size 1024K, 194 young (198656K), 13 survivors (13312K)
 Metaspace       used 111599K, committed 112320K, reserved 1179648K
  class space    used 15406K, committed 15744K, reserved 1048576K
}
Event: 82.910 GC heap after
{Heap after GC invocations=133 (full 0):
 garbage-first heap   total 501760K, used 251026K [0x0000000080000000, 0x0000000100000000)
  region size 1024K, 13 young (13312K), 13 survivors (13312K)
 Metaspace       used 111599K, committed 112320K, reserved 1179648K
  class space    used 15406K, committed 15744K, reserved 1048576K
}
Event: 83.494 GC heap before
{Heap before GC invocations=133 (full 0):
 garbage-first heap   total 501760K, used 437394K [0x0000000080000000, 0x0000000100000000)
  region size 1024K, 195 young (199680K), 13 survivors (13312K)
 Metaspace       used 111636K, committed 112320K, reserved 1179648K
  class space    used 15414K, committed 15744K, reserved 1048576K
}
Event: 83.508 GC heap after
{Heap after GC invocations=134 (full 0):
 garbage-first heap   total 501760K, used 250002K [0x0000000080000000, 0x0000000100000000)
  region size 1024K, 12 young (12288K), 12 survivors (12288K)
 Metaspace       used 111636K, committed 112320K, reserved 1179648K
  class space    used 15414K, committed 15744K, reserved 1048576K
}
Event: 84.786 GC heap before
{Heap before GC invocations=134 (full 0):
 garbage-first heap   total 501760K, used 438418K [0x0000000080000000, 0x0000000100000000)
  region size 1024K, 196 young (200704K), 12 survivors (12288K)
 Metaspace       used 111640K, committed 112320K, reserved 1179648K
  class space    used 15415K, committed 15744K, reserved 1048576K
}
Event: 84.800 GC heap after
{Heap after GC invocations=135 (full 0):
 garbage-first heap   total 501760K, used 251026K [0x0000000080000000, 0x0000000100000000)
  region size 1024K, 13 young (13312K), 13 survivors (13312K)
 Metaspace       used 111640K, committed 112320K, reserved 1179648K
  class space    used 15415K, committed 15744K, reserved 1048576K
}
Event: 86.159 GC heap before
{Heap before GC invocations=135 (full 0):
 garbage-first heap   total 501760K, used 437394K [0x0000000080000000, 0x0000000100000000)
  region size 1024K, 195 young (199680K), 13 survivors (13312K)
 Metaspace       used 111647K, committed 112320K, reserved 1179648K
  class space    used 15415K, committed 15744K, reserved 1048576K
}
Event: 86.174 GC heap after
{Heap after GC invocations=136 (full 0):
 garbage-first heap   total 501760K, used 252050K [0x0000000080000000, 0x0000000100000000)
  region size 1024K, 14 young (14336K), 14 survivors (14336K)
 Metaspace       used 111647K, committed 112320K, reserved 1179648K
  class space    used 15415K, committed 15744K, reserved 1048576K
}
Event: 87.491 GC heap before
{Heap before GC invocations=136 (full 0):
 garbage-first heap   total 501760K, used 436370K [0x0000000080000000, 0x0000000100000000)
  region size 1024K, 194 young (198656K), 14 survivors (14336K)
 Metaspace       used 111665K, committed 112320K, reserved 1179648K
  class space    used 15416K, committed 15744K, reserved 1048576K
}
Event: 87.510 GC heap after
{Heap after GC invocations=137 (full 0):
 garbage-first heap   total 501760K, used 253378K [0x0000000080000000, 0x0000000100000000)
  region size 1024K, 10 young (10240K), 10 survivors (10240K)
 Metaspace       used 111665K, committed 112320K, reserved 1179648K
  class space    used 15416K, committed 15744K, reserved 1048576K
}
Event: 89.069 GC heap before
{Heap before GC invocations=137 (full 0):
 garbage-first heap   total 501760K, used 441794K [0x0000000080000000, 0x0000000100000000)
  region size 1024K, 192 young (196608K), 10 survivors (10240K)
 Metaspace       used 111690K, committed 112384K, reserved 1179648K
  class space    used 15416K, committed 15744K, reserved 1048576K
}
Event: 89.081 GC heap after
{Heap after GC invocations=138 (full 0):
 garbage-first heap   total 501760K, used 256808K [0x0000000080000000, 0x0000000100000000)
  region size 1024K, 11 young (11264K), 11 survivors (11264K)
 Metaspace       used 111690K, committed 112384K, reserved 1179648K
  class space    used 15416K, committed 15744K, reserved 1048576K
}

