# JRE version: OpenJDK Runtime Environment (17.0.10) (build 17.0.10+0--11572160)
# Java VM: OpenJDK 64-Bit Server VM (17.0.10+0--11572160, mixed mode, tiered, compressed oops, compressed class ptrs, g1 gc, windows-amd64)
GC Precious Log:
 CPUs: 4 total, 4 available
 Memory: 11212M
 Large Page Support: Disabled
 NUMA Support: Disabled
 Compressed Oops: Enabled (32-bit)
 Heap Region Size: 1M
 Heap Min Capacity: 8M
 Heap Initial Capacity: 176M
 Heap Max Capacity: 2G
 Pre-touch: Disabled
 Parallel Workers: 4
 Concurrent Workers: 1
 Concurrent Refinement Workers: 4
 Periodic GC: Disabled
Heap:
 garbage-first heap   total 427008K, used 236703K [0x0000000080000000, 0x0000000100000000)
  region size 1024K, 6 young (6144K), 6 survivors (6144K)
 Metaspace       used 144816K, committed 145664K, reserved 1179648K
  class space    used 19211K, committed 19584K, reserved 1048576K
GC Heap History (20 events):
Event: 170.696 GC heap after
{Heap after GC invocations=112 (full 0):
 garbage-first heap   total 322560K, used 197433K [0x0000000080000000, 0x0000000100000000)
  region size 1024K, 4 young (4096K), 4 survivors (4096K)
 Metaspace       used 144736K, committed 145600K, reserved 1179648K
  class space    used 19202K, committed 19584K, reserved 1048576K
}
Event: 171.272 GC heap before
{Heap before GC invocations=112 (full 0):
 garbage-first heap   total 322560K, used 280377K [0x0000000080000000, 0x0000000100000000)
  region size 1024K, 86 young (88064K), 4 survivors (4096K)
 Metaspace       used 144771K, committed 145600K, reserved 1179648K
  class space    used 19204K, committed 19584K, reserved 1048576K
}
Event: 171.279 GC heap after
{Heap after GC invocations=113 (full 0):
 garbage-first heap   total 322560K, used 203042K [0x0000000080000000, 0x0000000100000000)
  region size 1024K, 9 young (9216K), 9 survivors (9216K)
 Metaspace       used 144771K, committed 145600K, reserved 1179648K
  class space    used 19204K, committed 19584K, reserved 1048576K
}
Event: 171.620 GC heap before
{Heap before GC invocations=113 (full 0):
 garbage-first heap   total 322560K, used 276770K [0x0000000080000000, 0x0000000100000000)
  region size 1024K, 82 young (83968K), 9 survivors (9216K)
 Metaspace       used 144797K, committed 145600K, reserved 1179648K
  class space    used 19204K, committed 19584K, reserved 1048576K
}
Event: 171.637 GC heap after
{Heap after GC invocations=114 (full 0):
 garbage-first heap   total 322560K, used 212030K [0x0000000080000000, 0x0000000100000000)
  region size 1024K, 10 young (10240K), 10 survivors (10240K)
 Metaspace       used 144797K, committed 145600K, reserved 1179648K
  class space    used 19204K, committed 19584K, reserved 1048576K
}
Event: 171.902 GC heap before
{Heap before GC invocations=114 (full 0):
 garbage-first heap   total 322560K, used 274494K [0x0000000080000000, 0x0000000100000000)
  region size 1024K, 71 young (72704K), 10 survivors (10240K)
 Metaspace       used 144802K, committed 145600K, reserved 1179648K
  class space    used 19204K, committed 19584K, reserved 1048576K
}
Event: 171.915 GC heap after
{Heap after GC invocations=115 (full 0):
 garbage-first heap   total 322560K, used 219244K [0x0000000080000000, 0x0000000100000000)
  region size 1024K, 8 young (8192K), 8 survivors (8192K)
 Metaspace       used 144802K, committed 145600K, reserved 1179648K
  class space    used 19204K, committed 19584K, reserved 1048576K
}
Event: 172.225 GC heap before
{Heap before GC invocations=115 (full 0):
 garbage-first heap   total 322560K, used 273516K [0x0000000080000000, 0x0000000100000000)
  region size 1024K, 61 young (62464K), 8 survivors (8192K)
 Metaspace       used 144811K, committed 145664K, reserved 1179648K
  class space    used 19205K, committed 19584K, reserved 1048576K
}
Event: 172.241 GC heap after
{Heap after GC invocations=116 (full 0):
 garbage-first heap   total 322560K, used 227277K [0x0000000080000000, 0x0000000100000000)
  region size 1024K, 8 young (8192K), 8 survivors (8192K)
 Metaspace       used 144811K, committed 145664K, reserved 1179648K
  class space    used 19205K, committed 19584K, reserved 1048576K
}
Event: 172.533 GC heap before
{Heap before GC invocations=116 (full 0):
 garbage-first heap   total 322560K, used 274381K [0x0000000080000000, 0x0000000100000000)
  region size 1024K, 54 young (55296K), 8 survivors (8192K)
 Metaspace       used 144811K, committed 145664K, reserved 1179648K
  class space    used 19205K, committed 19584K, reserved 1048576K
}
Event: 172.551 GC heap after
{Heap after GC invocations=117 (full 0):
 garbage-first heap   total 322560K, used 234185K [0x0000000080000000, 0x0000000100000000)
  region size 1024K, 7 young (7168K), 7 survivors (7168K)
 Metaspace       used 144811K, committed 145664K, reserved 1179648K
  class space    used 19205K, committed 19584K, reserved 1048576K
}
Event: 172.990 GC heap before
{Heap before GC invocations=117 (full 0):
 garbage-first heap   total 322560K, used 275145K [0x0000000080000000, 0x0000000100000000)
  region size 1024K, 47 young (48128K), 7 survivors (7168K)
 Metaspace       used 144814K, committed 145664K, reserved 1179648K
  class space    used 19205K, committed 19584K, reserved 1048576K
}
Event: 173.004 GC heap after
{Heap after GC invocations=118 (full 0):
 garbage-first heap   total 322560K, used 240338K [0x0000000080000000, 0x0000000100000000)
  region size 1024K, 6 young (6144K), 6 survivors (6144K)
 Metaspace       used 144814K, committed 145664K, reserved 1179648K
  class space    used 19205K, committed 19584K, reserved 1048576K
}
Event: 173.376 GC heap before
{Heap before GC invocations=118 (full 0):
 garbage-first heap   total 427008K, used 275154K [0x0000000080000000, 0x0000000100000000)
  region size 1024K, 40 young (40960K), 6 survivors (6144K)
 Metaspace       used 144803K, committed 145664K, reserved 1179648K
  class space    used 19201K, committed 19584K, reserved 1048576K
}
Event: 173.385 GC heap after
{Heap after GC invocations=119 (full 0):
 garbage-first heap   total 427008K, used 244001K [0x0000000080000000, 0x0000000100000000)
  region size 1024K, 4 young (4096K), 4 survivors (4096K)
 Metaspace       used 144803K, committed 145664K, reserved 1179648K
  class space    used 19201K, committed 19584K, reserved 1048576K
}
Event: 175.226 GC heap before
{Heap before GC invocations=120 (full 0):
 garbage-first heap   total 427008K, used 347425K [0x0000000080000000, 0x0000000100000000)
  region size 1024K, 105 young (107520K), 4 survivors (4096K)
 Metaspace       used 144813K, committed 145664K, reserved 1179648K
  class space    used 19211K, committed 19584K, reserved 1048576K
}
Event: 175.253 GC heap after
{Heap after GC invocations=121 (full 0):
 garbage-first heap   total 427008K, used 254492K [0x0000000080000000, 0x0000000100000000)
  region size 1024K, 14 young (14336K), 14 survivors (14336K)
 Metaspace       used 144813K, committed 145664K, reserved 1179648K
  class space    used 19211K, committed 19584K, reserved 1048576K
}
Event: 175.271 GC heap before
{Heap before GC invocations=121 (full 0):
 garbage-first heap   total 427008K, used 260636K [0x0000000080000000, 0x0000000100000000)
  region size 1024K, 20 young (20480K), 14 survivors (14336K)
 Metaspace       used 144813K, committed 145664K, reserved 1179648K
  class space    used 19211K, committed 19584K, reserved 1048576K
}
Event: 175.292 GC heap after
{Heap after GC invocations=122 (full 0):
 garbage-first heap   total 427008K, used 233472K [0x0000000080000000, 0x0000000100000000)
  region size 1024K, 2 young (2048K), 2 survivors (2048K)
 Metaspace       used 144813K, committed 145664K, reserved 1179648K
  class space    used 19211K, committed 19584K, reserved 1048576K
}
Event: 176.092 GC heap before
{Heap before GC invocations=122 (full 0):
 garbage-first heap   total 427008K, used 345088K [0x0000000080000000, 0x0000000100000000)
  region size 1024K, 111 young (113664K), 2 survivors (2048K)
 Metaspace       used 144816K, committed 145664K, reserved 1179648K
  class space    used 19211K, committed 19584K, reserved 1048576K
}

